


ARM Macro Assembler    Page 1 


    1 00000000                 INCLUDE          VICVPB.S
    1 00000000         ;*******************************************************
                       ***************/
    2 00000000         ;  This file is part of the uVision/ARM development tool
                       s             */
    3 00000000         ;  Copyright KEIL ELEKTRONIK GmbH 2002-2005             
                                     */
    4 00000000         ;*******************************************************
                       ***************/
    5 00000000         ;                                                       
                                     */
    6 00000000         ;  LPC214X.H:  Header file for Philips LPC2141/42/44/46/
                       48            */
    7 00000000         ;                                                       
                                     */
    8 00000000         ;*******************************************************
                       ***************/
    9 00000000         
   10 00000000         
   11 00000000         ; Vectored Interrupt Controller (VIC) */
   12 00000000 FFFFF000 
                       VICIRQStatus
                               EQU              0xFFFFF000
   13 00000000 FFFFF004 
                       VICFIQStatus
                               EQU              0xFFFFF004
   14 00000000 FFFFF008 
                       VICRawIntr
                               EQU              0xFFFFF008
   15 00000000 FFFFF00C 
                       VICIntSelect
                               EQU              0xFFFFF00C
   16 00000000 FFFFF010 
                       VICIntEnable
                               EQU              0xFFFFF010
   17 00000000 FFFFF014 
                       VICIntEnClr
                               EQU              0xFFFFF014
   18 00000000 FFFFF018 
                       VICSoftInt
                               EQU              0xFFFFF018
   19 00000000 FFFFF01C 
                       VICSoftIntClr
                               EQU              0xFFFFF01C
   20 00000000 FFFFF020 
                       VICProtection
                               EQU              0xFFFFF020
   21 00000000 FFFFF030 
                       VICVectAddr
                               EQU              0xFFFFF030
   22 00000000 FFFFF034 
                       VICDefVectAddr
                               EQU              0xFFFFF034
   23 00000000 FFFFF100 
                       VICVectAddr0
                               EQU              0xFFFFF100
   24 00000000 FFFFF104 
                       VICVectAddr1
                               EQU              0xFFFFF104



ARM Macro Assembler    Page 2 


   25 00000000 FFFFF108 
                       VICVectAddr2
                               EQU              0xFFFFF108
   26 00000000 FFFFF10C 
                       VICVectAddr3
                               EQU              0xFFFFF10C
   27 00000000 FFFFF110 
                       VICVectAddr4
                               EQU              0xFFFFF110
   28 00000000 FFFFF114 
                       VICVectAddr5
                               EQU              0xFFFFF114
   29 00000000 FFFFF118 
                       VICVectAddr6
                               EQU              0xFFFFF118
   30 00000000 FFFFF11C 
                       VICVectAddr7
                               EQU              0xFFFFF11C
   31 00000000 FFFFF120 
                       VICVectAddr8
                               EQU              0xFFFFF120
   32 00000000 FFFFF124 
                       VICVectAddr9
                               EQU              0xFFFFF124
   33 00000000 FFFFF128 
                       VICVectAddr10
                               EQU              0xFFFFF128
   34 00000000 FFFFF12C 
                       VICVectAddr11
                               EQU              0xFFFFF12C
   35 00000000 FFFFF130 
                       VICVectAddr12
                               EQU              0xFFFFF130
   36 00000000 FFFFF134 
                       VICVectAddr13
                               EQU              0xFFFFF134
   37 00000000 FFFFF138 
                       VICVectAddr14
                               EQU              0xFFFFF138
   38 00000000 FFFFF13C 
                       VICVectAddr15
                               EQU              0xFFFFF13C
   39 00000000 FFFFF200 
                       VICVectCntl0
                               EQU              0xFFFFF200
   40 00000000 FFFFF204 
                       VICVectCntl1
                               EQU              0xFFFFF204
   41 00000000 FFFFF208 
                       VICVectCntl2
                               EQU              0xFFFFF208
   42 00000000 FFFFF20C 
                       VICVectCntl3
                               EQU              0xFFFFF20C
   43 00000000 FFFFF210 
                       VICVectCntl4
                               EQU              0xFFFFF210
   44 00000000 FFFFF214 
                       VICVectCntl5



ARM Macro Assembler    Page 3 


                               EQU              0xFFFFF214
   45 00000000 FFFFF218 
                       VICVectCntl6
                               EQU              0xFFFFF218
   46 00000000 FFFFF21C 
                       VICVectCntl7
                               EQU              0xFFFFF21C
   47 00000000 FFFFF220 
                       VICVectCntl8
                               EQU              0xFFFFF220
   48 00000000 FFFFF224 
                       VICVectCntl9
                               EQU              0xFFFFF224
   49 00000000 FFFFF228 
                       VICVectCntl10
                               EQU              0xFFFFF228
   50 00000000 FFFFF22C 
                       VICVectCntl11
                               EQU              0xFFFFF22C
   51 00000000 FFFFF230 
                       VICVectCntl12
                               EQU              0xFFFFF230
   52 00000000 FFFFF234 
                       VICVectCntl13
                               EQU              0xFFFFF234
   53 00000000 FFFFF238 
                       VICVectCntl14
                               EQU              0xFFFFF238
   54 00000000 FFFFF23C 
                       VICVectCntl15
                               EQU              0xFFFFF23C
   55 00000000         
   56 00000000         ; Pin Connect Block */
   57 00000000 E002C000 
                       PINSEL0 EQU              0xE002C000
   58 00000000 E002C004 
                       PINSEL1 EQU              0xE002C004
   59 00000000 E002C014 
                       PINSEL2 EQU              0xE002C014
   60 00000000         
   61 00000000         ; General Purpose Input/Output (GPIO) */
   62 00000000 E0028000 
                       IO0PIN  EQU              0xE0028000
   63 00000000 E0028004 
                       IO0SET  EQU              0xE0028004
   64 00000000 E0028008 
                       IO0DIR  EQU              0xE0028008
   65 00000000 E002800C 
                       IO0CLR  EQU              0xE002800C
   66 00000000 E0028010 
                       IO1PIN  EQU              0xE0028010
   67 00000000 E0028014 
                       IO1SET  EQU              0xE0028014
   68 00000000 E0028018 
                       IO1DIR  EQU              0xE0028018
   69 00000000 E002801C 
                       IO1CLR  EQU              0xE002801C
   70 00000000         ;IO0PIN          EQU   0xE0028000
   71 00000000         ;IO0SET          EQU   0xE0028004



ARM Macro Assembler    Page 4 


   72 00000000         ;IO0DIR          EQU   0xE0028008
   73 00000000         ;IO0CLR          EQU   0xE002800C
   74 00000000         ;IO1PIN          EQU   0xE0028010
   75 00000000         ;IO1SET          EQU   0xE0028014
   76 00000000         ;IO1DIR          EQU   0xE0028018
   77 00000000         ;IO1CLR          EQU   0xE002801C
   78 00000000         ;FIO0DIR         EQU   0x3FFFC000
   79 00000000         ;FIO0MASK        EQU   0x3FFFC010
   80 00000000         ;FIO0PIN         EQU   0x3FFFC014
   81 00000000         ;FIO0SET         EQU   0x3FFFC018
   82 00000000         ;FIO0CLR         EQU   0x3FFFC01C
   83 00000000         ;FIO1DIR         EQU   0x3FFFC020
   84 00000000         ;FIO1MASK        EQU   0x3FFFC030
   85 00000000         ;FIO1PIN         EQU   0x3FFFC034
   86 00000000         ;FIO1SET         EQU   0x3FFFC038
   87 00000000         ;FIO1CLR         EQU   0x3FFFC03C
   88 00000000         
   89 00000000         ; Memory Accelerator Module (MAM) */
   90 00000000 E01FC000 
                       MAMCR   EQU              0xE01FC000
   91 00000000 E01FC004 
                       MAMTIM  EQU              0xE01FC004
   92 00000000 E01FC040 
                       MEMMAP  EQU              0xE01FC040
   93 00000000         
   94 00000000         ; Phase Locked Loop 0 (PLL0) */
   95 00000000 E01FC080 
                       PLL0CON EQU              0xE01FC080
   96 00000000 E01FC084 
                       PLL0CFG EQU              0xE01FC084
   97 00000000 E01FC088 
                       PLL0STAT
                               EQU              0xE01FC088
   98 00000000 E01FC08C 
                       PLL0FEED
                               EQU              0xE01FC08C
   99 00000000         
  100 00000000         ; Phase Locked Loop 1 (PLL1) */
  101 00000000 E01FC0A0 
                       PLL1CON EQU              0xE01FC0A0
  102 00000000 E01FC0A4 
                       PLL1CFG EQU              0xE01FC0A4
  103 00000000 E01FC0A8 
                       PLL1STAT
                               EQU              0xE01FC0A8
  104 00000000 E01FC0AC 
                       PLL1FEED
                               EQU              0xE01FC0AC
  105 00000000         
  106 00000000         ; VPB Divider */
  107 00000000 E01FC100 
                       VPBDIV  EQU              0xE01FC100
  108 00000000         
  109 00000000         ; Power Control */
  110 00000000 E01FC0C0 
                       PCON    EQU              0xE01FC0C0
  111 00000000 E01FC0C4 
                       PCONP   EQU              0xE01FC0C4
  112 00000000         



ARM Macro Assembler    Page 5 


  113 00000000         ; External Interrupts */
  114 00000000 E01FC140 
                       EXTINT  EQU              0xE01FC140
  115 00000000 E01FC144 
                       INTWAKE EQU              0xE01FC144
  116 00000000 E01FC148 
                       EXTMODE EQU              0xE01FC148
  117 00000000 E01FC14C 
                       EXTPOLAR
                               EQU              0xE01FC14C
  118 00000000         
  119 00000000         ; Reset */
  120 00000000 E01FC180 
                       RSID    EQU              0xE01FC180
  121 00000000         
  122 00000000         ; Code Security / Debugging */
  123 00000000 E01FC184 
                       CSPR    EQU              0xE01FC184
  124 00000000         
  125 00000000         ; System Control Miscellaneous */
  126 00000000 E01FC1A0 
                       SCS     EQU              0xE01FC1A0
  127 00000000         
  128 00000000         ; Timer 0 */
  129 00000000 E0004000 
                       T0IR    EQU              0xE0004000
  130 00000000 E0004004 
                       T0TCR   EQU              0xE0004004
  131 00000000 E0004008 
                       T0TC    EQU              0xE0004008
  132 00000000 E000400C 
                       T0PR    EQU              0xE000400C
  133 00000000 E0004010 
                       T0PC    EQU              0xE0004010
  134 00000000 E0004014 
                       T0MCR   EQU              0xE0004014
  135 00000000 E0004018 
                       T0MR0   EQU              0xE0004018
  136 00000000 E000401C 
                       T0MR1   EQU              0xE000401C
  137 00000000 E0004020 
                       T0MR2   EQU              0xE0004020
  138 00000000 E0004024 
                       T0MR3   EQU              0xE0004024
  139 00000000 E0004028 
                       T0CCR   EQU              0xE0004028
  140 00000000 E000402C 
                       T0CR0   EQU              0xE000402C
  141 00000000 E0004030 
                       T0CR1   EQU              0xE0004030
  142 00000000 E0004034 
                       T0CR2   EQU              0xE0004034
  143 00000000 E0004038 
                       T0CR3   EQU              0xE0004038
  144 00000000 E000403C 
                       T0EMR   EQU              0xE000403C
  145 00000000 E0004070 
                       T0CTCR  EQU              0xE0004070
  146 00000000         



ARM Macro Assembler    Page 6 


  147 00000000         ; Timer 1 */
  148 00000000 E0008000 
                       T1IR    EQU              0xE0008000
  149 00000000 E0008004 
                       T1TCR   EQU              0xE0008004
  150 00000000 E0008008 
                       T1TC    EQU              0xE0008008
  151 00000000 E000800C 
                       T1PR    EQU              0xE000800C
  152 00000000 E0008010 
                       T1PC    EQU              0xE0008010
  153 00000000 E0008014 
                       T1MCR   EQU              0xE0008014
  154 00000000 E0008018 
                       T1MR0   EQU              0xE0008018
  155 00000000 E000801C 
                       T1MR1   EQU              0xE000801C
  156 00000000 E0008020 
                       T1MR2   EQU              0xE0008020
  157 00000000 E0008024 
                       T1MR3   EQU              0xE0008024
  158 00000000 E0008028 
                       T1CCR   EQU              0xE0008028
  159 00000000 E000802C 
                       T1CR0   EQU              0xE000802C
  160 00000000 E0008030 
                       T1CR1   EQU              0xE0008030
  161 00000000 E0008034 
                       T1CR2   EQU              0xE0008034
  162 00000000 E0008038 
                       T1CR3   EQU              0xE0008038
  163 00000000 E000803C 
                       T1EMR   EQU              0xE000803C
  164 00000000 E0008070 
                       T1CTCR  EQU              0xE0008070
  165 00000000         
  166 00000000         ; Pulse Width Modulator (PWM) */
  167 00000000 E0014000 
                       PWMIR   EQU              0xE0014000
  168 00000000 E0014004 
                       PWMTCR  EQU              0xE0014004
  169 00000000 E0014008 
                       PWMTC   EQU              0xE0014008
  170 00000000 E001400C 
                       PWMPR   EQU              0xE001400C
  171 00000000 E0014010 
                       PWMPC   EQU              0xE0014010
  172 00000000 E0014014 
                       PWMMCR  EQU              0xE0014014
  173 00000000 E0014018 
                       PWMMR0  EQU              0xE0014018
  174 00000000 E001401C 
                       PWMMR1  EQU              0xE001401C
  175 00000000 E0014020 
                       PWMMR2  EQU              0xE0014020
  176 00000000 E0014024 
                       PWMMR3  EQU              0xE0014024
  177 00000000 E0014040 
                       PWMMR4  EQU              0xE0014040



ARM Macro Assembler    Page 7 


  178 00000000 E0014044 
                       PWMMR5  EQU              0xE0014044
  179 00000000 E0014048 
                       PWMMR6  EQU              0xE0014048
  180 00000000 E001404C 
                       PWMPCR  EQU              0xE001404C
  181 00000000 E0014050 
                       PWMLER  EQU              0xE0014050
  182 00000000         
  183 00000000         ; Universal Asynchronous Receiver Transmitter 0 (UART0) 
                       */
  184 00000000 E000C000 
                       U0RBR   EQU              0xE000C000
  185 00000000 E000C000 
                       U0THR   EQU              0xE000C000
  186 00000000 E000C004 
                       U0IER   EQU              0xE000C004
  187 00000000 E000C008 
                       U0IIR   EQU              0xE000C008
  188 00000000 E000C008 
                       U0FCR   EQU              0xE000C008
  189 00000000 E000C00C 
                       U0LCR   EQU              0xE000C00C
  190 00000000 E000C010 
                       U0MCR   EQU              0xE000C010
  191 00000000 E000C014 
                       U0LSR   EQU              0xE000C014
  192 00000000 E000C018 
                       U0MSR   EQU              0xE000C018
  193 00000000 E000C01C 
                       U0SCR   EQU              0xE000C01C
  194 00000000 E000C000 
                       U0DLL   EQU              0xE000C000
  195 00000000 E000C004 
                       U0DLM   EQU              0xE000C004
  196 00000000 E000C020 
                       U0ACR   EQU              0xE000C020
  197 00000000 E000C028 
                       U0FDR   EQU              0xE000C028
  198 00000000 E000C030 
                       U0TER   EQU              0xE000C030
  199 00000000         
  200 00000000         ; Universal Asynchronous Receiver Transmitter 1 (UART1) 
                       */
  201 00000000 E0010000 
                       U1RBR   EQU              0xE0010000
  202 00000000 E0010000 
                       U1THR   EQU              0xE0010000
  203 00000000 E0010004 
                       U1IER   EQU              0xE0010004
  204 00000000 E0010008 
                       U1IIR   EQU              0xE0010008
  205 00000000 E0010008 
                       U1FCR   EQU              0xE0010008
  206 00000000 E001000C 
                       U1LCR   EQU              0xE001000C
  207 00000000 E0010010 
                       U1MCR   EQU              0xE0010010
  208 00000000 E0010014 



ARM Macro Assembler    Page 8 


                       U1LSR   EQU              0xE0010014
  209 00000000 E0010018 
                       U1MSR   EQU              0xE0010018
  210 00000000 E001001C 
                       U1SCR   EQU              0xE001001C
  211 00000000 E0010000 
                       U1DLL   EQU              0xE0010000
  212 00000000 E0010004 
                       U1DLM   EQU              0xE0010004
  213 00000000 E0010020 
                       U1ACR   EQU              0xE0010020
  214 00000000 E0010028 
                       U1FDR   EQU              0xE0010028
  215 00000000 E0010030 
                       U1TER   EQU              0xE0010030
  216 00000000         
  217 00000000         ; I2C Interface 0 */
  218 00000000 E001C000 
                       I2C0CONSET
                               EQU              0xE001C000
  219 00000000 E001C004 
                       I2C0STAT
                               EQU              0xE001C004
  220 00000000 E001C008 
                       I2C0DAT EQU              0xE001C008
  221 00000000 E001C00C 
                       I2C0ADR EQU              0xE001C00C
  222 00000000 E001C010 
                       I2C0SCLH
                               EQU              0xE001C010
  223 00000000 E001C014 
                       I2C0SCLL
                               EQU              0xE001C014
  224 00000000 E001C018 
                       I2C0CONCLR
                               EQU              0xE001C018
  225 00000000         
  226 00000000         ; I2C Interface 1 */
  227 00000000 E005C000 
                       I2C1CONSET
                               EQU              0xE005C000
  228 00000000 E005C004 
                       I2C1STAT
                               EQU              0xE005C004
  229 00000000 E005C008 
                       I2C1DAT EQU              0xE005C008
  230 00000000 E005C00C 
                       I2C1ADR EQU              0xE005C00C
  231 00000000 E005C010 
                       I2C1SCLH
                               EQU              0xE005C010
  232 00000000 E005C014 
                       I2C1SCLL
                               EQU              0xE005C014
  233 00000000 E005C018 
                       I2C1CONCLR
                               EQU              0xE005C018
  234 00000000         
  235 00000000         ; SPI0 (Serial Peripheral Interface 0) */



ARM Macro Assembler    Page 9 


  236 00000000 E0020000 
                       S0SPCR  EQU              0xE0020000
  237 00000000 E0020004 
                       S0SPSR  EQU              0xE0020004
  238 00000000 E0020008 
                       S0SPDR  EQU              0xE0020008
  239 00000000 E002000C 
                       S0SPCCR EQU              0xE002000C
  240 00000000 E002001C 
                       S0SPINT EQU              0xE002001C
  241 00000000         
  242 00000000         ; SSP Controller (SPI1) */
  243 00000000 E0068000 
                       SSPCR0  EQU              0xE0068000
  244 00000000 E0068004 
                       SSPCR1  EQU              0xE0068004
  245 00000000 E0068008 
                       SSPDR   EQU              0xE0068008
  246 00000000 E006800C 
                       SSPSR   EQU              0xE006800C
  247 00000000 E0068010 
                       SSPCPSR EQU              0xE0068010
  248 00000000 E0068014 
                       SSPIMSC EQU              0xE0068014
  249 00000000 E0068018 
                       SSPRIS  EQU              0xE0068018
  250 00000000 E006801C 
                       SSPMIS  EQU              0xE006801C
  251 00000000 E0068020 
                       SSPICR  EQU              0xE0068020
  252 00000000         
  253 00000000         ; Real Time Clock */
  254 00000000 E0024000 
                       ILR     EQU              0xE0024000
  255 00000000 E0024004 
                       CTC     EQU              0xE0024004
  256 00000000 E0024008 
                       CCR     EQU              0xE0024008
  257 00000000 E002400C 
                       CIIR    EQU              0xE002400C
  258 00000000 E0024010 
                       AMR     EQU              0xE0024010
  259 00000000 E0024014 
                       CTIME0  EQU              0xE0024014
  260 00000000 E0024018 
                       CTIME1  EQU              0xE0024018
  261 00000000 E002401C 
                       CTIME2  EQU              0xE002401C
  262 00000000 E0024020 
                       SEC     EQU              0xE0024020
  263 00000000 E0024024 
                       MIN     EQU              0xE0024024
  264 00000000 E0024028 
                       HOUR    EQU              0xE0024028
  265 00000000 E002402C 
                       DOM     EQU              0xE002402C
  266 00000000 E0024030 
                       DOW     EQU              0xE0024030
  267 00000000 E0024034 



ARM Macro Assembler    Page 10 


                       DOY     EQU              0xE0024034
  268 00000000 E0024038 
                       MONTH   EQU              0xE0024038
  269 00000000 E002403C 
                       YEAR    EQU              0xE002403C
  270 00000000 E0024060 
                       ALSEC   EQU              0xE0024060
  271 00000000 E0024064 
                       ALMIN   EQU              0xE0024064
  272 00000000 E0024068 
                       ALHOUR  EQU              0xE0024068
  273 00000000 E002406C 
                       ALDOM   EQU              0xE002406C
  274 00000000 E0024070 
                       ALDOW   EQU              0xE0024070
  275 00000000 E0024074 
                       ALDOY   EQU              0xE0024074
  276 00000000 E0024078 
                       ALMON   EQU              0xE0024078
  277 00000000 E002407C 
                       ALYEAR  EQU              0xE002407C
  278 00000000 E0024080 
                       PREINT  EQU              0xE0024080
  279 00000000 E0024084 
                       PREFRAC EQU              0xE0024084
  280 00000000         
  281 00000000         ; A/D Converter 0 (AD0) */
  282 00000000 E0034000 
                       AD0CR   EQU              0xE0034000
  283 00000000 E0034004 
                       AD0GDR  EQU              0xE0034004
  284 00000000 E0034030 
                       AD0STAT EQU              0xE0034030
  285 00000000 E003400C 
                       AD0INTEN
                               EQU              0xE003400C
  286 00000000 E0034010 
                       AD0DR0  EQU              0xE0034010
  287 00000000 E0034014 
                       AD0DR1  EQU              0xE0034014
  288 00000000 E0034018 
                       AD0DR2  EQU              0xE0034018
  289 00000000 E003401C 
                       AD0DR3  EQU              0xE003401C
  290 00000000 E0034020 
                       AD0DR4  EQU              0xE0034020
  291 00000000 E0034024 
                       AD0DR5  EQU              0xE0034024
  292 00000000 E0034028 
                       AD0DR6  EQU              0xE0034028
  293 00000000 E003402C 
                       AD0DR7  EQU              0xE003402C
  294 00000000         
  295 00000000         ; A/D Converter 1 (AD1) */
  296 00000000 E0060000 
                       AD1CR   EQU              0xE0060000
  297 00000000 E0060004 
                       AD1GDR  EQU              0xE0060004
  298 00000000 E0060030 



ARM Macro Assembler    Page 11 


                       AD1STAT EQU              0xE0060030
  299 00000000 E006000C 
                       AD1INTEN
                               EQU              0xE006000C
  300 00000000 E0060010 
                       AD1DR0  EQU              0xE0060010
  301 00000000 E0060014 
                       AD1DR1  EQU              0xE0060014
  302 00000000 E0060018 
                       AD1DR2  EQU              0xE0060018
  303 00000000 E006001C 
                       AD1DR3  EQU              0xE006001C
  304 00000000 E0060020 
                       AD1DR4  EQU              0xE0060020
  305 00000000 E0060024 
                       AD1DR5  EQU              0xE0060024
  306 00000000 E0060028 
                       AD1DR6  EQU              0xE0060028
  307 00000000 E006002C 
                       AD1DR7  EQU              0xE006002C
  308 00000000         
  309 00000000         ; A/D Converter Global */
  310 00000000 E0034008 
                       ADGSR   EQU              0xE0034008
  311 00000000         
  312 00000000         ; D/A Converter */
  313 00000000 E006C000 
                       DACR    EQU              0xE006C000
  314 00000000         
  315 00000000         ; Watchdog */
  316 00000000 E0000000 
                       WDMOD   EQU              0xE0000000
  317 00000000 E0000004 
                       WDTC    EQU              0xE0000004
  318 00000000 E0000008 
                       WDFEED  EQU              0xE0000008
  319 00000000 E000000C 
                       WDTV    EQU              0xE000000C
  320 00000000         
  321 00000000         ; USB Controller */
  322 00000000 E01FC1C0 
                       USBIntSt
                               EQU              0xE01FC1C0
  323 00000000 E0090000 
                       USBDevIntSt
                               EQU              0xE0090000
  324 00000000 E0090004 
                       USBDevIntEn
                               EQU              0xE0090004
  325 00000000 E0090008 
                       USBDevIntClr
                               EQU              0xE0090008
  326 00000000 E009000C 
                       USBDevIntSet
                               EQU              0xE009000C
  327 00000000 E009002C 
                       USBDevIntPri
                               EQU              0xE009002C
  328 00000000 E0090030 



ARM Macro Assembler    Page 12 


                       USBEpIntSt
                               EQU              0xE0090030
  329 00000000 E0090034 
                       USBEpIntEn
                               EQU              0xE0090034
  330 00000000 E0090038 
                       USBEpIntClr
                               EQU              0xE0090038
  331 00000000 E009003C 
                       USBEpIntSet
                               EQU              0xE009003C
  332 00000000 E0090040 
                       USBEpIntPri
                               EQU              0xE0090040
  333 00000000 E0090044 
                       USBReEp EQU              0xE0090044
  334 00000000 E0090048 
                       USBEpInd
                               EQU              0xE0090048
  335 00000000 E009004C 
                       USBMaxPSize
                               EQU              0xE009004C
  336 00000000 E0090018 
                       USBRxData
                               EQU              0xE0090018
  337 00000000 E0090020 
                       USBRxPLen
                               EQU              0xE0090020
  338 00000000 E009001C 
                       USBTxData
                               EQU              0xE009001C
  339 00000000 E0090024 
                       USBTxPLen
                               EQU              0xE0090024
  340 00000000 E0090028 
                       USBCtrl EQU              0xE0090028
  341 00000000 E0090010 
                       USBCmdCode
                               EQU              0xE0090010
  342 00000000 E0090014 
                       USBCmdData
                               EQU              0xE0090014
  343 00000000 E0090050 
                       USBDMARSt
                               EQU              0xE0090050
  344 00000000 E0090054 
                       USBDMARClr
                               EQU              0xE0090054
  345 00000000 E0090058 
                       USBDMARSet
                               EQU              0xE0090058
  346 00000000 E0090080 
                       USBUDCAH
                               EQU              0xE0090080
  347 00000000 E0090084 
                       USBEpDMASt
                               EQU              0xE0090084
  348 00000000 E0090088 
                       USBEpDMAEn



ARM Macro Assembler    Page 13 


                               EQU              0xE0090088
  349 00000000 E009008C 
                       USBEpDMADis
                               EQU              0xE009008C
  350 00000000 E0090090 
                       USBDMAIntSt
                               EQU              0xE0090090
  351 00000000 E0090094 
                       USBDMAIntEn
                               EQU              0xE0090094
  352 00000000 E00900A0 
                       USBEoTIntSt
                               EQU              0xE00900A0
  353 00000000 E00900A4 
                       USBEoTIntClr
                               EQU              0xE00900A4
  354 00000000 E00900A8 
                       USBEoTIntSet
                               EQU              0xE00900A8
  355 00000000 E00900AC 
                       USBNDDRIntSt
                               EQU              0xE00900AC
  356 00000000 E00900B0 
                       USBNDDRIntClr
                               EQU              0xE00900B0
  357 00000000 E00900B4 
                       USBNDDRIntSet
                               EQU              0xE00900B4
  358 00000000 E00900B8 
                       USBSysErrIntSt
                               EQU              0xE00900B8
  359 00000000 E00900BC 
                       USBSysErrIntClr
                               EQU              0xE00900BC
  360 00000000 E00900C0 
                       USBSysErrIntSet
                               EQU              0xE00900C0
  361 00000000         
  362 00000000         
  363 00000000                 end
    2 00000000                 AREA             INTERRUPT, CODE, READONLY
    3 00000000                 EXPORT           __main
    4 00000000         __main
    5 00000000                 ENTRY
    6 00000000         ;
    7 00000000         ;
    8 00000000         ;
    9 00000000 E59F10B8        LDR              R1,=IO1DIR
   10 00000004 E3A00402        LDR              R0,=0X02000000
   11 00000008 E5810000        STR              R0,[R1]
   12 0000000C E59F10B0        LDR              R1,=PINSEL0
   13 00000010 E3A000C0        LDR              R0,=0XC0
   14 00000014 E5810000        STR              R0,[R1]
   15 00000018 E59F10A8        LDR              R1,=EXTMODE
   16 0000001C E3A00002        LDR              R0,=0X02
   17 00000020 E5810000        STR              R0,[R1]
   18 00000024 E59F10A0        LDR              R1,=EXTPOLAR
   19 00000028 E3A00000        LDR              R0,=0X0
   20 0000002C E5810000        STR              R0,[R1]



ARM Macro Assembler    Page 14 


   21 00000030 E59F1098        LDR              R1,=VICVectCntl0
   22 00000034 E3A0002F        LDR              R0,=0X2F
   23 00000038 E5810000        STR              R0,[R1]
   24 0000003C E59F1090        LDR              R1,=VICVectAddr0
   25 00000040 E59F0090        LDR              R0,=IRQ_Ent1
   26 00000044 E5810000        STR              R0,[R1]
   27 00000048 E59F108C        LDR              R1,=VICIntEnable
   28 0000004C E3A00902        LDR              R0,=0X00008000
   29 00000050 E5810000        STR              R0,[R1]
   30 00000054 EAFFFFFE 
                       S       B                S
   31 00000058         IRQ_Ent1
   32 00000058 E92D0003        STMDB            R13!,{R0-R1}
   33 0000005C E59F107C        LDR              R1,=EXTINT
   34 00000060 E3A00002        LDR              R0,=0X2
   35 00000064 E5810000        STR              R0,[R1]
   36 00000068 E3A02101        LDR              R2,=0X40000000
   37 0000006C E5920000        LDR              R0,[R2]
   38 00000070 E59F106C        LDR              R1,=IO1PIN
   39 00000074 E2200402        EOR              R0,R0,#0X02000000
   40 00000078 E5810000        STR              R0,[R1]
   41 0000007C E5820000        STR              R0,[R2]
   42 00000080 E59F1060        LDR              R1,=VICVectAddr
   43 00000084 E3A00000        LDR              R0,=0
   44 00000088 E5810000        STR              R0,[R1]
   45 0000008C E8BD0003        LDMIA            R13!,{r0-r1}
   46 00000090         
   47 00000090 E59F6054        LDR              R6,=IO0DIR
   48 00000094 E59F5054        LDR              R5,=0XFF0F0000
   49 00000098 E5865000        STR              R5,[R6]
   50 0000009C E59F7050        LDR              R7,=IO0SET
   51 000000A0 E59F8050        LDR              R8,=IO0CLR
   52 000000A4 E5885000        STR              R5,[R8]
   53 000000A8 E59F604C        LDR              R6,=0X803F0000
   54 000000AC E5876000        STR              R6,[R7]
   55 000000B0 E59F9048        LDR              R9,=0X2FF
   56 000000B4 E2499001 
                       delay   SUB              R9,R9,#1
   57 000000B8 1AFFFFFD        BNE              delay
   58 000000BC         
   59 000000BC E25EF004        SUBS             PC,R14,#4
   60 000000C0         
   61 000000C0         
   62 000000C0                 END
              E0028018 
              E002C000 
              E01FC148 
              E01FC14C 
              FFFFF200 
              FFFFF100 
              00000000 
              FFFFF010 
              E01FC140 
              E0028010 
              FFFFF030 
              E0028008 
              FF0F0000 
              E0028004 
              E002800C 



ARM Macro Assembler    Page 15 


              803F0000 
              000002FF 
Command Line: --debug --xref --apcs=interwork --depend=exercise2.d -oexercise2.
o -IC:\Keil_v5\ARM\CMSIS\Include -IC:\Keil_v5\ARM\INC\Philips --predefine="__EV
AL SETA 1" --predefine="__MICROLIB SETA 1" --list=exercise2.lst exercise2.s



ARM Macro Assembler    Page 1 Alphabetic symbol ordering
Relocatable symbols

INTERRUPT 00000000

Symbol: INTERRUPT
   Definitions
      At line 2 in file exercise2.s
   Uses
      None
Comment: INTERRUPT unused
IRQ_Ent1 00000058

Symbol: IRQ_Ent1
   Definitions
      At line 31 in file exercise2.s
   Uses
      At line 25 in file exercise2.s
Comment: IRQ_Ent1 used once
S 00000054

Symbol: S
   Definitions
      At line 30 in file exercise2.s
   Uses
      At line 30 in file exercise2.s
Comment: S used once
__main 00000000

Symbol: __main
   Definitions
      At line 4 in file exercise2.s
   Uses
      At line 3 in file exercise2.s
Comment: __main used once
delay 000000B4

Symbol: delay
   Definitions
      At line 56 in file exercise2.s
   Uses
      At line 57 in file exercise2.s
Comment: delay used once
5 symbols



ARM Macro Assembler    Page 1 Alphabetic symbol ordering
Absolute symbols

AD0CR E0034000

Symbol: AD0CR
   Definitions
      At line 282 in file VICVPB.S
   Uses
      None
Comment: AD0CR unused
AD0DR0 E0034010

Symbol: AD0DR0
   Definitions
      At line 286 in file VICVPB.S
   Uses
      None
Comment: AD0DR0 unused
AD0DR1 E0034014

Symbol: AD0DR1
   Definitions
      At line 287 in file VICVPB.S
   Uses
      None
Comment: AD0DR1 unused
AD0DR2 E0034018

Symbol: AD0DR2
   Definitions
      At line 288 in file VICVPB.S
   Uses
      None
Comment: AD0DR2 unused
AD0DR3 E003401C

Symbol: AD0DR3
   Definitions
      At line 289 in file VICVPB.S
   Uses
      None
Comment: AD0DR3 unused
AD0DR4 E0034020

Symbol: AD0DR4
   Definitions
      At line 290 in file VICVPB.S
   Uses
      None
Comment: AD0DR4 unused
AD0DR5 E0034024

Symbol: AD0DR5
   Definitions
      At line 291 in file VICVPB.S
   Uses
      None
Comment: AD0DR5 unused
AD0DR6 E0034028

Symbol: AD0DR6



ARM Macro Assembler    Page 2 Alphabetic symbol ordering
Absolute symbols

   Definitions
      At line 292 in file VICVPB.S
   Uses
      None
Comment: AD0DR6 unused
AD0DR7 E003402C

Symbol: AD0DR7
   Definitions
      At line 293 in file VICVPB.S
   Uses
      None
Comment: AD0DR7 unused
AD0GDR E0034004

Symbol: AD0GDR
   Definitions
      At line 283 in file VICVPB.S
   Uses
      None
Comment: AD0GDR unused
AD0INTEN E003400C

Symbol: AD0INTEN
   Definitions
      At line 285 in file VICVPB.S
   Uses
      None
Comment: AD0INTEN unused
AD0STAT E0034030

Symbol: AD0STAT
   Definitions
      At line 284 in file VICVPB.S
   Uses
      None
Comment: AD0STAT unused
AD1CR E0060000

Symbol: AD1CR
   Definitions
      At line 296 in file VICVPB.S
   Uses
      None
Comment: AD1CR unused
AD1DR0 E0060010

Symbol: AD1DR0
   Definitions
      At line 300 in file VICVPB.S
   Uses
      None
Comment: AD1DR0 unused
AD1DR1 E0060014

Symbol: AD1DR1
   Definitions
      At line 301 in file VICVPB.S
   Uses



ARM Macro Assembler    Page 3 Alphabetic symbol ordering
Absolute symbols

      None
Comment: AD1DR1 unused
AD1DR2 E0060018

Symbol: AD1DR2
   Definitions
      At line 302 in file VICVPB.S
   Uses
      None
Comment: AD1DR2 unused
AD1DR3 E006001C

Symbol: AD1DR3
   Definitions
      At line 303 in file VICVPB.S
   Uses
      None
Comment: AD1DR3 unused
AD1DR4 E0060020

Symbol: AD1DR4
   Definitions
      At line 304 in file VICVPB.S
   Uses
      None
Comment: AD1DR4 unused
AD1DR5 E0060024

Symbol: AD1DR5
   Definitions
      At line 305 in file VICVPB.S
   Uses
      None
Comment: AD1DR5 unused
AD1DR6 E0060028

Symbol: AD1DR6
   Definitions
      At line 306 in file VICVPB.S
   Uses
      None
Comment: AD1DR6 unused
AD1DR7 E006002C

Symbol: AD1DR7
   Definitions
      At line 307 in file VICVPB.S
   Uses
      None
Comment: AD1DR7 unused
AD1GDR E0060004

Symbol: AD1GDR
   Definitions
      At line 297 in file VICVPB.S
   Uses
      None
Comment: AD1GDR unused
AD1INTEN E006000C



ARM Macro Assembler    Page 4 Alphabetic symbol ordering
Absolute symbols


Symbol: AD1INTEN
   Definitions
      At line 299 in file VICVPB.S
   Uses
      None
Comment: AD1INTEN unused
AD1STAT E0060030

Symbol: AD1STAT
   Definitions
      At line 298 in file VICVPB.S
   Uses
      None
Comment: AD1STAT unused
ADGSR E0034008

Symbol: ADGSR
   Definitions
      At line 310 in file VICVPB.S
   Uses
      None
Comment: ADGSR unused
ALDOM E002406C

Symbol: ALDOM
   Definitions
      At line 273 in file VICVPB.S
   Uses
      None
Comment: ALDOM unused
ALDOW E0024070

Symbol: ALDOW
   Definitions
      At line 274 in file VICVPB.S
   Uses
      None
Comment: ALDOW unused
ALDOY E0024074

Symbol: ALDOY
   Definitions
      At line 275 in file VICVPB.S
   Uses
      None
Comment: ALDOY unused
ALHOUR E0024068

Symbol: ALHOUR
   Definitions
      At line 272 in file VICVPB.S
   Uses
      None
Comment: ALHOUR unused
ALMIN E0024064

Symbol: ALMIN
   Definitions



ARM Macro Assembler    Page 5 Alphabetic symbol ordering
Absolute symbols

      At line 271 in file VICVPB.S
   Uses
      None
Comment: ALMIN unused
ALMON E0024078

Symbol: ALMON
   Definitions
      At line 276 in file VICVPB.S
   Uses
      None
Comment: ALMON unused
ALSEC E0024060

Symbol: ALSEC
   Definitions
      At line 270 in file VICVPB.S
   Uses
      None
Comment: ALSEC unused
ALYEAR E002407C

Symbol: ALYEAR
   Definitions
      At line 277 in file VICVPB.S
   Uses
      None
Comment: ALYEAR unused
AMR E0024010

Symbol: AMR
   Definitions
      At line 258 in file VICVPB.S
   Uses
      None
Comment: AMR unused
CCR E0024008

Symbol: CCR
   Definitions
      At line 256 in file VICVPB.S
   Uses
      None
Comment: CCR unused
CIIR E002400C

Symbol: CIIR
   Definitions
      At line 257 in file VICVPB.S
   Uses
      None
Comment: CIIR unused
CSPR E01FC184

Symbol: CSPR
   Definitions
      At line 123 in file VICVPB.S
   Uses
      None



ARM Macro Assembler    Page 6 Alphabetic symbol ordering
Absolute symbols

Comment: CSPR unused
CTC E0024004

Symbol: CTC
   Definitions
      At line 255 in file VICVPB.S
   Uses
      None
Comment: CTC unused
CTIME0 E0024014

Symbol: CTIME0
   Definitions
      At line 259 in file VICVPB.S
   Uses
      None
Comment: CTIME0 unused
CTIME1 E0024018

Symbol: CTIME1
   Definitions
      At line 260 in file VICVPB.S
   Uses
      None
Comment: CTIME1 unused
CTIME2 E002401C

Symbol: CTIME2
   Definitions
      At line 261 in file VICVPB.S
   Uses
      None
Comment: CTIME2 unused
DACR E006C000

Symbol: DACR
   Definitions
      At line 313 in file VICVPB.S
   Uses
      None
Comment: DACR unused
DOM E002402C

Symbol: DOM
   Definitions
      At line 265 in file VICVPB.S
   Uses
      None
Comment: DOM unused
DOW E0024030

Symbol: DOW
   Definitions
      At line 266 in file VICVPB.S
   Uses
      None
Comment: DOW unused
DOY E0024034




ARM Macro Assembler    Page 7 Alphabetic symbol ordering
Absolute symbols

Symbol: DOY
   Definitions
      At line 267 in file VICVPB.S
   Uses
      None
Comment: DOY unused
EXTINT E01FC140

Symbol: EXTINT
   Definitions
      At line 114 in file VICVPB.S
   Uses
      At line 33 in file exercise2.s
Comment: EXTINT used once
EXTMODE E01FC148

Symbol: EXTMODE
   Definitions
      At line 116 in file VICVPB.S
   Uses
      At line 15 in file exercise2.s
Comment: EXTMODE used once
EXTPOLAR E01FC14C

Symbol: EXTPOLAR
   Definitions
      At line 117 in file VICVPB.S
   Uses
      At line 18 in file exercise2.s
Comment: EXTPOLAR used once
HOUR E0024028

Symbol: HOUR
   Definitions
      At line 264 in file VICVPB.S
   Uses
      None
Comment: HOUR unused
I2C0ADR E001C00C

Symbol: I2C0ADR
   Definitions
      At line 221 in file VICVPB.S
   Uses
      None
Comment: I2C0ADR unused
I2C0CONCLR E001C018

Symbol: I2C0CONCLR
   Definitions
      At line 224 in file VICVPB.S
   Uses
      None
Comment: I2C0CONCLR unused
I2C0CONSET E001C000

Symbol: I2C0CONSET
   Definitions
      At line 218 in file VICVPB.S



ARM Macro Assembler    Page 8 Alphabetic symbol ordering
Absolute symbols

   Uses
      None
Comment: I2C0CONSET unused
I2C0DAT E001C008

Symbol: I2C0DAT
   Definitions
      At line 220 in file VICVPB.S
   Uses
      None
Comment: I2C0DAT unused
I2C0SCLH E001C010

Symbol: I2C0SCLH
   Definitions
      At line 222 in file VICVPB.S
   Uses
      None
Comment: I2C0SCLH unused
I2C0SCLL E001C014

Symbol: I2C0SCLL
   Definitions
      At line 223 in file VICVPB.S
   Uses
      None
Comment: I2C0SCLL unused
I2C0STAT E001C004

Symbol: I2C0STAT
   Definitions
      At line 219 in file VICVPB.S
   Uses
      None
Comment: I2C0STAT unused
I2C1ADR E005C00C

Symbol: I2C1ADR
   Definitions
      At line 230 in file VICVPB.S
   Uses
      None
Comment: I2C1ADR unused
I2C1CONCLR E005C018

Symbol: I2C1CONCLR
   Definitions
      At line 233 in file VICVPB.S
   Uses
      None
Comment: I2C1CONCLR unused
I2C1CONSET E005C000

Symbol: I2C1CONSET
   Definitions
      At line 227 in file VICVPB.S
   Uses
      None
Comment: I2C1CONSET unused



ARM Macro Assembler    Page 9 Alphabetic symbol ordering
Absolute symbols

I2C1DAT E005C008

Symbol: I2C1DAT
   Definitions
      At line 229 in file VICVPB.S
   Uses
      None
Comment: I2C1DAT unused
I2C1SCLH E005C010

Symbol: I2C1SCLH
   Definitions
      At line 231 in file VICVPB.S
   Uses
      None
Comment: I2C1SCLH unused
I2C1SCLL E005C014

Symbol: I2C1SCLL
   Definitions
      At line 232 in file VICVPB.S
   Uses
      None
Comment: I2C1SCLL unused
I2C1STAT E005C004

Symbol: I2C1STAT
   Definitions
      At line 228 in file VICVPB.S
   Uses
      None
Comment: I2C1STAT unused
ILR E0024000

Symbol: ILR
   Definitions
      At line 254 in file VICVPB.S
   Uses
      None
Comment: ILR unused
INTWAKE E01FC144

Symbol: INTWAKE
   Definitions
      At line 115 in file VICVPB.S
   Uses
      None
Comment: INTWAKE unused
IO0CLR E002800C

Symbol: IO0CLR
   Definitions
      At line 65 in file VICVPB.S
   Uses
      At line 51 in file exercise2.s
Comment: IO0CLR used once
IO0DIR E0028008

Symbol: IO0DIR



ARM Macro Assembler    Page 10 Alphabetic symbol ordering
Absolute symbols

   Definitions
      At line 64 in file VICVPB.S
   Uses
      At line 47 in file exercise2.s
Comment: IO0DIR used once
IO0PIN E0028000

Symbol: IO0PIN
   Definitions
      At line 62 in file VICVPB.S
   Uses
      None
Comment: IO0PIN unused
IO0SET E0028004

Symbol: IO0SET
   Definitions
      At line 63 in file VICVPB.S
   Uses
      At line 50 in file exercise2.s
Comment: IO0SET used once
IO1CLR E002801C

Symbol: IO1CLR
   Definitions
      At line 69 in file VICVPB.S
   Uses
      None
Comment: IO1CLR unused
IO1DIR E0028018

Symbol: IO1DIR
   Definitions
      At line 68 in file VICVPB.S
   Uses
      At line 9 in file exercise2.s
Comment: IO1DIR used once
IO1PIN E0028010

Symbol: IO1PIN
   Definitions
      At line 66 in file VICVPB.S
   Uses
      At line 38 in file exercise2.s
Comment: IO1PIN used once
IO1SET E0028014

Symbol: IO1SET
   Definitions
      At line 67 in file VICVPB.S
   Uses
      None
Comment: IO1SET unused
MAMCR E01FC000

Symbol: MAMCR
   Definitions
      At line 90 in file VICVPB.S
   Uses



ARM Macro Assembler    Page 11 Alphabetic symbol ordering
Absolute symbols

      None
Comment: MAMCR unused
MAMTIM E01FC004

Symbol: MAMTIM
   Definitions
      At line 91 in file VICVPB.S
   Uses
      None
Comment: MAMTIM unused
MEMMAP E01FC040

Symbol: MEMMAP
   Definitions
      At line 92 in file VICVPB.S
   Uses
      None
Comment: MEMMAP unused
MIN E0024024

Symbol: MIN
   Definitions
      At line 263 in file VICVPB.S
   Uses
      None
Comment: MIN unused
MONTH E0024038

Symbol: MONTH
   Definitions
      At line 268 in file VICVPB.S
   Uses
      None
Comment: MONTH unused
PCON E01FC0C0

Symbol: PCON
   Definitions
      At line 110 in file VICVPB.S
   Uses
      None
Comment: PCON unused
PCONP E01FC0C4

Symbol: PCONP
   Definitions
      At line 111 in file VICVPB.S
   Uses
      None
Comment: PCONP unused
PINSEL0 E002C000

Symbol: PINSEL0
   Definitions
      At line 57 in file VICVPB.S
   Uses
      At line 12 in file exercise2.s
Comment: PINSEL0 used once
PINSEL1 E002C004



ARM Macro Assembler    Page 12 Alphabetic symbol ordering
Absolute symbols


Symbol: PINSEL1
   Definitions
      At line 58 in file VICVPB.S
   Uses
      None
Comment: PINSEL1 unused
PINSEL2 E002C014

Symbol: PINSEL2
   Definitions
      At line 59 in file VICVPB.S
   Uses
      None
Comment: PINSEL2 unused
PLL0CFG E01FC084

Symbol: PLL0CFG
   Definitions
      At line 96 in file VICVPB.S
   Uses
      None
Comment: PLL0CFG unused
PLL0CON E01FC080

Symbol: PLL0CON
   Definitions
      At line 95 in file VICVPB.S
   Uses
      None
Comment: PLL0CON unused
PLL0FEED E01FC08C

Symbol: PLL0FEED
   Definitions
      At line 98 in file VICVPB.S
   Uses
      None
Comment: PLL0FEED unused
PLL0STAT E01FC088

Symbol: PLL0STAT
   Definitions
      At line 97 in file VICVPB.S
   Uses
      None
Comment: PLL0STAT unused
PLL1CFG E01FC0A4

Symbol: PLL1CFG
   Definitions
      At line 102 in file VICVPB.S
   Uses
      None
Comment: PLL1CFG unused
PLL1CON E01FC0A0

Symbol: PLL1CON
   Definitions



ARM Macro Assembler    Page 13 Alphabetic symbol ordering
Absolute symbols

      At line 101 in file VICVPB.S
   Uses
      None
Comment: PLL1CON unused
PLL1FEED E01FC0AC

Symbol: PLL1FEED
   Definitions
      At line 104 in file VICVPB.S
   Uses
      None
Comment: PLL1FEED unused
PLL1STAT E01FC0A8

Symbol: PLL1STAT
   Definitions
      At line 103 in file VICVPB.S
   Uses
      None
Comment: PLL1STAT unused
PREFRAC E0024084

Symbol: PREFRAC
   Definitions
      At line 279 in file VICVPB.S
   Uses
      None
Comment: PREFRAC unused
PREINT E0024080

Symbol: PREINT
   Definitions
      At line 278 in file VICVPB.S
   Uses
      None
Comment: PREINT unused
PWMIR E0014000

Symbol: PWMIR
   Definitions
      At line 167 in file VICVPB.S
   Uses
      None
Comment: PWMIR unused
PWMLER E0014050

Symbol: PWMLER
   Definitions
      At line 181 in file VICVPB.S
   Uses
      None
Comment: PWMLER unused
PWMMCR E0014014

Symbol: PWMMCR
   Definitions
      At line 172 in file VICVPB.S
   Uses
      None



ARM Macro Assembler    Page 14 Alphabetic symbol ordering
Absolute symbols

Comment: PWMMCR unused
PWMMR0 E0014018

Symbol: PWMMR0
   Definitions
      At line 173 in file VICVPB.S
   Uses
      None
Comment: PWMMR0 unused
PWMMR1 E001401C

Symbol: PWMMR1
   Definitions
      At line 174 in file VICVPB.S
   Uses
      None
Comment: PWMMR1 unused
PWMMR2 E0014020

Symbol: PWMMR2
   Definitions
      At line 175 in file VICVPB.S
   Uses
      None
Comment: PWMMR2 unused
PWMMR3 E0014024

Symbol: PWMMR3
   Definitions
      At line 176 in file VICVPB.S
   Uses
      None
Comment: PWMMR3 unused
PWMMR4 E0014040

Symbol: PWMMR4
   Definitions
      At line 177 in file VICVPB.S
   Uses
      None
Comment: PWMMR4 unused
PWMMR5 E0014044

Symbol: PWMMR5
   Definitions
      At line 178 in file VICVPB.S
   Uses
      None
Comment: PWMMR5 unused
PWMMR6 E0014048

Symbol: PWMMR6
   Definitions
      At line 179 in file VICVPB.S
   Uses
      None
Comment: PWMMR6 unused
PWMPC E0014010




ARM Macro Assembler    Page 15 Alphabetic symbol ordering
Absolute symbols

Symbol: PWMPC
   Definitions
      At line 171 in file VICVPB.S
   Uses
      None
Comment: PWMPC unused
PWMPCR E001404C

Symbol: PWMPCR
   Definitions
      At line 180 in file VICVPB.S
   Uses
      None
Comment: PWMPCR unused
PWMPR E001400C

Symbol: PWMPR
   Definitions
      At line 170 in file VICVPB.S
   Uses
      None
Comment: PWMPR unused
PWMTC E0014008

Symbol: PWMTC
   Definitions
      At line 169 in file VICVPB.S
   Uses
      None
Comment: PWMTC unused
PWMTCR E0014004

Symbol: PWMTCR
   Definitions
      At line 168 in file VICVPB.S
   Uses
      None
Comment: PWMTCR unused
RSID E01FC180

Symbol: RSID
   Definitions
      At line 120 in file VICVPB.S
   Uses
      None
Comment: RSID unused
S0SPCCR E002000C

Symbol: S0SPCCR
   Definitions
      At line 239 in file VICVPB.S
   Uses
      None
Comment: S0SPCCR unused
S0SPCR E0020000

Symbol: S0SPCR
   Definitions
      At line 236 in file VICVPB.S



ARM Macro Assembler    Page 16 Alphabetic symbol ordering
Absolute symbols

   Uses
      None
Comment: S0SPCR unused
S0SPDR E0020008

Symbol: S0SPDR
   Definitions
      At line 238 in file VICVPB.S
   Uses
      None
Comment: S0SPDR unused
S0SPINT E002001C

Symbol: S0SPINT
   Definitions
      At line 240 in file VICVPB.S
   Uses
      None
Comment: S0SPINT unused
S0SPSR E0020004

Symbol: S0SPSR
   Definitions
      At line 237 in file VICVPB.S
   Uses
      None
Comment: S0SPSR unused
SCS E01FC1A0

Symbol: SCS
   Definitions
      At line 126 in file VICVPB.S
   Uses
      None
Comment: SCS unused
SEC E0024020

Symbol: SEC
   Definitions
      At line 262 in file VICVPB.S
   Uses
      None
Comment: SEC unused
SSPCPSR E0068010

Symbol: SSPCPSR
   Definitions
      At line 247 in file VICVPB.S
   Uses
      None
Comment: SSPCPSR unused
SSPCR0 E0068000

Symbol: SSPCR0
   Definitions
      At line 243 in file VICVPB.S
   Uses
      None
Comment: SSPCR0 unused



ARM Macro Assembler    Page 17 Alphabetic symbol ordering
Absolute symbols

SSPCR1 E0068004

Symbol: SSPCR1
   Definitions
      At line 244 in file VICVPB.S
   Uses
      None
Comment: SSPCR1 unused
SSPDR E0068008

Symbol: SSPDR
   Definitions
      At line 245 in file VICVPB.S
   Uses
      None
Comment: SSPDR unused
SSPICR E0068020

Symbol: SSPICR
   Definitions
      At line 251 in file VICVPB.S
   Uses
      None
Comment: SSPICR unused
SSPIMSC E0068014

Symbol: SSPIMSC
   Definitions
      At line 248 in file VICVPB.S
   Uses
      None
Comment: SSPIMSC unused
SSPMIS E006801C

Symbol: SSPMIS
   Definitions
      At line 250 in file VICVPB.S
   Uses
      None
Comment: SSPMIS unused
SSPRIS E0068018

Symbol: SSPRIS
   Definitions
      At line 249 in file VICVPB.S
   Uses
      None
Comment: SSPRIS unused
SSPSR E006800C

Symbol: SSPSR
   Definitions
      At line 246 in file VICVPB.S
   Uses
      None
Comment: SSPSR unused
T0CCR E0004028

Symbol: T0CCR



ARM Macro Assembler    Page 18 Alphabetic symbol ordering
Absolute symbols

   Definitions
      At line 139 in file VICVPB.S
   Uses
      None
Comment: T0CCR unused
T0CR0 E000402C

Symbol: T0CR0
   Definitions
      At line 140 in file VICVPB.S
   Uses
      None
Comment: T0CR0 unused
T0CR1 E0004030

Symbol: T0CR1
   Definitions
      At line 141 in file VICVPB.S
   Uses
      None
Comment: T0CR1 unused
T0CR2 E0004034

Symbol: T0CR2
   Definitions
      At line 142 in file VICVPB.S
   Uses
      None
Comment: T0CR2 unused
T0CR3 E0004038

Symbol: T0CR3
   Definitions
      At line 143 in file VICVPB.S
   Uses
      None
Comment: T0CR3 unused
T0CTCR E0004070

Symbol: T0CTCR
   Definitions
      At line 145 in file VICVPB.S
   Uses
      None
Comment: T0CTCR unused
T0EMR E000403C

Symbol: T0EMR
   Definitions
      At line 144 in file VICVPB.S
   Uses
      None
Comment: T0EMR unused
T0IR E0004000

Symbol: T0IR
   Definitions
      At line 129 in file VICVPB.S
   Uses



ARM Macro Assembler    Page 19 Alphabetic symbol ordering
Absolute symbols

      None
Comment: T0IR unused
T0MCR E0004014

Symbol: T0MCR
   Definitions
      At line 134 in file VICVPB.S
   Uses
      None
Comment: T0MCR unused
T0MR0 E0004018

Symbol: T0MR0
   Definitions
      At line 135 in file VICVPB.S
   Uses
      None
Comment: T0MR0 unused
T0MR1 E000401C

Symbol: T0MR1
   Definitions
      At line 136 in file VICVPB.S
   Uses
      None
Comment: T0MR1 unused
T0MR2 E0004020

Symbol: T0MR2
   Definitions
      At line 137 in file VICVPB.S
   Uses
      None
Comment: T0MR2 unused
T0MR3 E0004024

Symbol: T0MR3
   Definitions
      At line 138 in file VICVPB.S
   Uses
      None
Comment: T0MR3 unused
T0PC E0004010

Symbol: T0PC
   Definitions
      At line 133 in file VICVPB.S
   Uses
      None
Comment: T0PC unused
T0PR E000400C

Symbol: T0PR
   Definitions
      At line 132 in file VICVPB.S
   Uses
      None
Comment: T0PR unused
T0TC E0004008



ARM Macro Assembler    Page 20 Alphabetic symbol ordering
Absolute symbols


Symbol: T0TC
   Definitions
      At line 131 in file VICVPB.S
   Uses
      None
Comment: T0TC unused
T0TCR E0004004

Symbol: T0TCR
   Definitions
      At line 130 in file VICVPB.S
   Uses
      None
Comment: T0TCR unused
T1CCR E0008028

Symbol: T1CCR
   Definitions
      At line 158 in file VICVPB.S
   Uses
      None
Comment: T1CCR unused
T1CR0 E000802C

Symbol: T1CR0
   Definitions
      At line 159 in file VICVPB.S
   Uses
      None
Comment: T1CR0 unused
T1CR1 E0008030

Symbol: T1CR1
   Definitions
      At line 160 in file VICVPB.S
   Uses
      None
Comment: T1CR1 unused
T1CR2 E0008034

Symbol: T1CR2
   Definitions
      At line 161 in file VICVPB.S
   Uses
      None
Comment: T1CR2 unused
T1CR3 E0008038

Symbol: T1CR3
   Definitions
      At line 162 in file VICVPB.S
   Uses
      None
Comment: T1CR3 unused
T1CTCR E0008070

Symbol: T1CTCR
   Definitions



ARM Macro Assembler    Page 21 Alphabetic symbol ordering
Absolute symbols

      At line 164 in file VICVPB.S
   Uses
      None
Comment: T1CTCR unused
T1EMR E000803C

Symbol: T1EMR
   Definitions
      At line 163 in file VICVPB.S
   Uses
      None
Comment: T1EMR unused
T1IR E0008000

Symbol: T1IR
   Definitions
      At line 148 in file VICVPB.S
   Uses
      None
Comment: T1IR unused
T1MCR E0008014

Symbol: T1MCR
   Definitions
      At line 153 in file VICVPB.S
   Uses
      None
Comment: T1MCR unused
T1MR0 E0008018

Symbol: T1MR0
   Definitions
      At line 154 in file VICVPB.S
   Uses
      None
Comment: T1MR0 unused
T1MR1 E000801C

Symbol: T1MR1
   Definitions
      At line 155 in file VICVPB.S
   Uses
      None
Comment: T1MR1 unused
T1MR2 E0008020

Symbol: T1MR2
   Definitions
      At line 156 in file VICVPB.S
   Uses
      None
Comment: T1MR2 unused
T1MR3 E0008024

Symbol: T1MR3
   Definitions
      At line 157 in file VICVPB.S
   Uses
      None



ARM Macro Assembler    Page 22 Alphabetic symbol ordering
Absolute symbols

Comment: T1MR3 unused
T1PC E0008010

Symbol: T1PC
   Definitions
      At line 152 in file VICVPB.S
   Uses
      None
Comment: T1PC unused
T1PR E000800C

Symbol: T1PR
   Definitions
      At line 151 in file VICVPB.S
   Uses
      None
Comment: T1PR unused
T1TC E0008008

Symbol: T1TC
   Definitions
      At line 150 in file VICVPB.S
   Uses
      None
Comment: T1TC unused
T1TCR E0008004

Symbol: T1TCR
   Definitions
      At line 149 in file VICVPB.S
   Uses
      None
Comment: T1TCR unused
U0ACR E000C020

Symbol: U0ACR
   Definitions
      At line 196 in file VICVPB.S
   Uses
      None
Comment: U0ACR unused
U0DLL E000C000

Symbol: U0DLL
   Definitions
      At line 194 in file VICVPB.S
   Uses
      None
Comment: U0DLL unused
U0DLM E000C004

Symbol: U0DLM
   Definitions
      At line 195 in file VICVPB.S
   Uses
      None
Comment: U0DLM unused
U0FCR E000C008




ARM Macro Assembler    Page 23 Alphabetic symbol ordering
Absolute symbols

Symbol: U0FCR
   Definitions
      At line 188 in file VICVPB.S
   Uses
      None
Comment: U0FCR unused
U0FDR E000C028

Symbol: U0FDR
   Definitions
      At line 197 in file VICVPB.S
   Uses
      None
Comment: U0FDR unused
U0IER E000C004

Symbol: U0IER
   Definitions
      At line 186 in file VICVPB.S
   Uses
      None
Comment: U0IER unused
U0IIR E000C008

Symbol: U0IIR
   Definitions
      At line 187 in file VICVPB.S
   Uses
      None
Comment: U0IIR unused
U0LCR E000C00C

Symbol: U0LCR
   Definitions
      At line 189 in file VICVPB.S
   Uses
      None
Comment: U0LCR unused
U0LSR E000C014

Symbol: U0LSR
   Definitions
      At line 191 in file VICVPB.S
   Uses
      None
Comment: U0LSR unused
U0MCR E000C010

Symbol: U0MCR
   Definitions
      At line 190 in file VICVPB.S
   Uses
      None
Comment: U0MCR unused
U0MSR E000C018

Symbol: U0MSR
   Definitions
      At line 192 in file VICVPB.S



ARM Macro Assembler    Page 24 Alphabetic symbol ordering
Absolute symbols

   Uses
      None
Comment: U0MSR unused
U0RBR E000C000

Symbol: U0RBR
   Definitions
      At line 184 in file VICVPB.S
   Uses
      None
Comment: U0RBR unused
U0SCR E000C01C

Symbol: U0SCR
   Definitions
      At line 193 in file VICVPB.S
   Uses
      None
Comment: U0SCR unused
U0TER E000C030

Symbol: U0TER
   Definitions
      At line 198 in file VICVPB.S
   Uses
      None
Comment: U0TER unused
U0THR E000C000

Symbol: U0THR
   Definitions
      At line 185 in file VICVPB.S
   Uses
      None
Comment: U0THR unused
U1ACR E0010020

Symbol: U1ACR
   Definitions
      At line 213 in file VICVPB.S
   Uses
      None
Comment: U1ACR unused
U1DLL E0010000

Symbol: U1DLL
   Definitions
      At line 211 in file VICVPB.S
   Uses
      None
Comment: U1DLL unused
U1DLM E0010004

Symbol: U1DLM
   Definitions
      At line 212 in file VICVPB.S
   Uses
      None
Comment: U1DLM unused



ARM Macro Assembler    Page 25 Alphabetic symbol ordering
Absolute symbols

U1FCR E0010008

Symbol: U1FCR
   Definitions
      At line 205 in file VICVPB.S
   Uses
      None
Comment: U1FCR unused
U1FDR E0010028

Symbol: U1FDR
   Definitions
      At line 214 in file VICVPB.S
   Uses
      None
Comment: U1FDR unused
U1IER E0010004

Symbol: U1IER
   Definitions
      At line 203 in file VICVPB.S
   Uses
      None
Comment: U1IER unused
U1IIR E0010008

Symbol: U1IIR
   Definitions
      At line 204 in file VICVPB.S
   Uses
      None
Comment: U1IIR unused
U1LCR E001000C

Symbol: U1LCR
   Definitions
      At line 206 in file VICVPB.S
   Uses
      None
Comment: U1LCR unused
U1LSR E0010014

Symbol: U1LSR
   Definitions
      At line 208 in file VICVPB.S
   Uses
      None
Comment: U1LSR unused
U1MCR E0010010

Symbol: U1MCR
   Definitions
      At line 207 in file VICVPB.S
   Uses
      None
Comment: U1MCR unused
U1MSR E0010018

Symbol: U1MSR



ARM Macro Assembler    Page 26 Alphabetic symbol ordering
Absolute symbols

   Definitions
      At line 209 in file VICVPB.S
   Uses
      None
Comment: U1MSR unused
U1RBR E0010000

Symbol: U1RBR
   Definitions
      At line 201 in file VICVPB.S
   Uses
      None
Comment: U1RBR unused
U1SCR E001001C

Symbol: U1SCR
   Definitions
      At line 210 in file VICVPB.S
   Uses
      None
Comment: U1SCR unused
U1TER E0010030

Symbol: U1TER
   Definitions
      At line 215 in file VICVPB.S
   Uses
      None
Comment: U1TER unused
U1THR E0010000

Symbol: U1THR
   Definitions
      At line 202 in file VICVPB.S
   Uses
      None
Comment: U1THR unused
USBCmdCode E0090010

Symbol: USBCmdCode
   Definitions
      At line 341 in file VICVPB.S
   Uses
      None
Comment: USBCmdCode unused
USBCmdData E0090014

Symbol: USBCmdData
   Definitions
      At line 342 in file VICVPB.S
   Uses
      None
Comment: USBCmdData unused
USBCtrl E0090028

Symbol: USBCtrl
   Definitions
      At line 340 in file VICVPB.S
   Uses



ARM Macro Assembler    Page 27 Alphabetic symbol ordering
Absolute symbols

      None
Comment: USBCtrl unused
USBDMAIntEn E0090094

Symbol: USBDMAIntEn
   Definitions
      At line 351 in file VICVPB.S
   Uses
      None
Comment: USBDMAIntEn unused
USBDMAIntSt E0090090

Symbol: USBDMAIntSt
   Definitions
      At line 350 in file VICVPB.S
   Uses
      None
Comment: USBDMAIntSt unused
USBDMARClr E0090054

Symbol: USBDMARClr
   Definitions
      At line 344 in file VICVPB.S
   Uses
      None
Comment: USBDMARClr unused
USBDMARSet E0090058

Symbol: USBDMARSet
   Definitions
      At line 345 in file VICVPB.S
   Uses
      None
Comment: USBDMARSet unused
USBDMARSt E0090050

Symbol: USBDMARSt
   Definitions
      At line 343 in file VICVPB.S
   Uses
      None
Comment: USBDMARSt unused
USBDevIntClr E0090008

Symbol: USBDevIntClr
   Definitions
      At line 325 in file VICVPB.S
   Uses
      None
Comment: USBDevIntClr unused
USBDevIntEn E0090004

Symbol: USBDevIntEn
   Definitions
      At line 324 in file VICVPB.S
   Uses
      None
Comment: USBDevIntEn unused
USBDevIntPri E009002C



ARM Macro Assembler    Page 28 Alphabetic symbol ordering
Absolute symbols


Symbol: USBDevIntPri
   Definitions
      At line 327 in file VICVPB.S
   Uses
      None
Comment: USBDevIntPri unused
USBDevIntSet E009000C

Symbol: USBDevIntSet
   Definitions
      At line 326 in file VICVPB.S
   Uses
      None
Comment: USBDevIntSet unused
USBDevIntSt E0090000

Symbol: USBDevIntSt
   Definitions
      At line 323 in file VICVPB.S
   Uses
      None
Comment: USBDevIntSt unused
USBEoTIntClr E00900A4

Symbol: USBEoTIntClr
   Definitions
      At line 353 in file VICVPB.S
   Uses
      None
Comment: USBEoTIntClr unused
USBEoTIntSet E00900A8

Symbol: USBEoTIntSet
   Definitions
      At line 354 in file VICVPB.S
   Uses
      None
Comment: USBEoTIntSet unused
USBEoTIntSt E00900A0

Symbol: USBEoTIntSt
   Definitions
      At line 352 in file VICVPB.S
   Uses
      None
Comment: USBEoTIntSt unused
USBEpDMADis E009008C

Symbol: USBEpDMADis
   Definitions
      At line 349 in file VICVPB.S
   Uses
      None
Comment: USBEpDMADis unused
USBEpDMAEn E0090088

Symbol: USBEpDMAEn
   Definitions



ARM Macro Assembler    Page 29 Alphabetic symbol ordering
Absolute symbols

      At line 348 in file VICVPB.S
   Uses
      None
Comment: USBEpDMAEn unused
USBEpDMASt E0090084

Symbol: USBEpDMASt
   Definitions
      At line 347 in file VICVPB.S
   Uses
      None
Comment: USBEpDMASt unused
USBEpInd E0090048

Symbol: USBEpInd
   Definitions
      At line 334 in file VICVPB.S
   Uses
      None
Comment: USBEpInd unused
USBEpIntClr E0090038

Symbol: USBEpIntClr
   Definitions
      At line 330 in file VICVPB.S
   Uses
      None
Comment: USBEpIntClr unused
USBEpIntEn E0090034

Symbol: USBEpIntEn
   Definitions
      At line 329 in file VICVPB.S
   Uses
      None
Comment: USBEpIntEn unused
USBEpIntPri E0090040

Symbol: USBEpIntPri
   Definitions
      At line 332 in file VICVPB.S
   Uses
      None
Comment: USBEpIntPri unused
USBEpIntSet E009003C

Symbol: USBEpIntSet
   Definitions
      At line 331 in file VICVPB.S
   Uses
      None
Comment: USBEpIntSet unused
USBEpIntSt E0090030

Symbol: USBEpIntSt
   Definitions
      At line 328 in file VICVPB.S
   Uses
      None



ARM Macro Assembler    Page 30 Alphabetic symbol ordering
Absolute symbols

Comment: USBEpIntSt unused
USBIntSt E01FC1C0

Symbol: USBIntSt
   Definitions
      At line 322 in file VICVPB.S
   Uses
      None
Comment: USBIntSt unused
USBMaxPSize E009004C

Symbol: USBMaxPSize
   Definitions
      At line 335 in file VICVPB.S
   Uses
      None
Comment: USBMaxPSize unused
USBNDDRIntClr E00900B0

Symbol: USBNDDRIntClr
   Definitions
      At line 356 in file VICVPB.S
   Uses
      None
Comment: USBNDDRIntClr unused
USBNDDRIntSet E00900B4

Symbol: USBNDDRIntSet
   Definitions
      At line 357 in file VICVPB.S
   Uses
      None
Comment: USBNDDRIntSet unused
USBNDDRIntSt E00900AC

Symbol: USBNDDRIntSt
   Definitions
      At line 355 in file VICVPB.S
   Uses
      None
Comment: USBNDDRIntSt unused
USBReEp E0090044

Symbol: USBReEp
   Definitions
      At line 333 in file VICVPB.S
   Uses
      None
Comment: USBReEp unused
USBRxData E0090018

Symbol: USBRxData
   Definitions
      At line 336 in file VICVPB.S
   Uses
      None
Comment: USBRxData unused
USBRxPLen E0090020




ARM Macro Assembler    Page 31 Alphabetic symbol ordering
Absolute symbols

Symbol: USBRxPLen
   Definitions
      At line 337 in file VICVPB.S
   Uses
      None
Comment: USBRxPLen unused
USBSysErrIntClr E00900BC

Symbol: USBSysErrIntClr
   Definitions
      At line 359 in file VICVPB.S
   Uses
      None
Comment: USBSysErrIntClr unused
USBSysErrIntSet E00900C0

Symbol: USBSysErrIntSet
   Definitions
      At line 360 in file VICVPB.S
   Uses
      None
Comment: USBSysErrIntSet unused
USBSysErrIntSt E00900B8

Symbol: USBSysErrIntSt
   Definitions
      At line 358 in file VICVPB.S
   Uses
      None
Comment: USBSysErrIntSt unused
USBTxData E009001C

Symbol: USBTxData
   Definitions
      At line 338 in file VICVPB.S
   Uses
      None
Comment: USBTxData unused
USBTxPLen E0090024

Symbol: USBTxPLen
   Definitions
      At line 339 in file VICVPB.S
   Uses
      None
Comment: USBTxPLen unused
USBUDCAH E0090080

Symbol: USBUDCAH
   Definitions
      At line 346 in file VICVPB.S
   Uses
      None
Comment: USBUDCAH unused
VICDefVectAddr FFFFF034

Symbol: VICDefVectAddr
   Definitions
      At line 22 in file VICVPB.S



ARM Macro Assembler    Page 32 Alphabetic symbol ordering
Absolute symbols

   Uses
      None
Comment: VICDefVectAddr unused
VICFIQStatus FFFFF004

Symbol: VICFIQStatus
   Definitions
      At line 13 in file VICVPB.S
   Uses
      None
Comment: VICFIQStatus unused
VICIRQStatus FFFFF000

Symbol: VICIRQStatus
   Definitions
      At line 12 in file VICVPB.S
   Uses
      None
Comment: VICIRQStatus unused
VICIntEnClr FFFFF014

Symbol: VICIntEnClr
   Definitions
      At line 17 in file VICVPB.S
   Uses
      None
Comment: VICIntEnClr unused
VICIntEnable FFFFF010

Symbol: VICIntEnable
   Definitions
      At line 16 in file VICVPB.S
   Uses
      At line 27 in file exercise2.s
Comment: VICIntEnable used once
VICIntSelect FFFFF00C

Symbol: VICIntSelect
   Definitions
      At line 15 in file VICVPB.S
   Uses
      None
Comment: VICIntSelect unused
VICProtection FFFFF020

Symbol: VICProtection
   Definitions
      At line 20 in file VICVPB.S
   Uses
      None
Comment: VICProtection unused
VICRawIntr FFFFF008

Symbol: VICRawIntr
   Definitions
      At line 14 in file VICVPB.S
   Uses
      None
Comment: VICRawIntr unused



ARM Macro Assembler    Page 33 Alphabetic symbol ordering
Absolute symbols

VICSoftInt FFFFF018

Symbol: VICSoftInt
   Definitions
      At line 18 in file VICVPB.S
   Uses
      None
Comment: VICSoftInt unused
VICSoftIntClr FFFFF01C

Symbol: VICSoftIntClr
   Definitions
      At line 19 in file VICVPB.S
   Uses
      None
Comment: VICSoftIntClr unused
VICVectAddr FFFFF030

Symbol: VICVectAddr
   Definitions
      At line 21 in file VICVPB.S
   Uses
      At line 42 in file exercise2.s
Comment: VICVectAddr used once
VICVectAddr0 FFFFF100

Symbol: VICVectAddr0
   Definitions
      At line 23 in file VICVPB.S
   Uses
      At line 24 in file exercise2.s
Comment: VICVectAddr0 used once
VICVectAddr1 FFFFF104

Symbol: VICVectAddr1
   Definitions
      At line 24 in file VICVPB.S
   Uses
      None
Comment: VICVectAddr1 unused
VICVectAddr10 FFFFF128

Symbol: VICVectAddr10
   Definitions
      At line 33 in file VICVPB.S
   Uses
      None
Comment: VICVectAddr10 unused
VICVectAddr11 FFFFF12C

Symbol: VICVectAddr11
   Definitions
      At line 34 in file VICVPB.S
   Uses
      None
Comment: VICVectAddr11 unused
VICVectAddr12 FFFFF130

Symbol: VICVectAddr12



ARM Macro Assembler    Page 34 Alphabetic symbol ordering
Absolute symbols

   Definitions
      At line 35 in file VICVPB.S
   Uses
      None
Comment: VICVectAddr12 unused
VICVectAddr13 FFFFF134

Symbol: VICVectAddr13
   Definitions
      At line 36 in file VICVPB.S
   Uses
      None
Comment: VICVectAddr13 unused
VICVectAddr14 FFFFF138

Symbol: VICVectAddr14
   Definitions
      At line 37 in file VICVPB.S
   Uses
      None
Comment: VICVectAddr14 unused
VICVectAddr15 FFFFF13C

Symbol: VICVectAddr15
   Definitions
      At line 38 in file VICVPB.S
   Uses
      None
Comment: VICVectAddr15 unused
VICVectAddr2 FFFFF108

Symbol: VICVectAddr2
   Definitions
      At line 25 in file VICVPB.S
   Uses
      None
Comment: VICVectAddr2 unused
VICVectAddr3 FFFFF10C

Symbol: VICVectAddr3
   Definitions
      At line 26 in file VICVPB.S
   Uses
      None
Comment: VICVectAddr3 unused
VICVectAddr4 FFFFF110

Symbol: VICVectAddr4
   Definitions
      At line 27 in file VICVPB.S
   Uses
      None
Comment: VICVectAddr4 unused
VICVectAddr5 FFFFF114

Symbol: VICVectAddr5
   Definitions
      At line 28 in file VICVPB.S
   Uses



ARM Macro Assembler    Page 35 Alphabetic symbol ordering
Absolute symbols

      None
Comment: VICVectAddr5 unused
VICVectAddr6 FFFFF118

Symbol: VICVectAddr6
   Definitions
      At line 29 in file VICVPB.S
   Uses
      None
Comment: VICVectAddr6 unused
VICVectAddr7 FFFFF11C

Symbol: VICVectAddr7
   Definitions
      At line 30 in file VICVPB.S
   Uses
      None
Comment: VICVectAddr7 unused
VICVectAddr8 FFFFF120

Symbol: VICVectAddr8
   Definitions
      At line 31 in file VICVPB.S
   Uses
      None
Comment: VICVectAddr8 unused
VICVectAddr9 FFFFF124

Symbol: VICVectAddr9
   Definitions
      At line 32 in file VICVPB.S
   Uses
      None
Comment: VICVectAddr9 unused
VICVectCntl0 FFFFF200

Symbol: VICVectCntl0
   Definitions
      At line 39 in file VICVPB.S
   Uses
      At line 21 in file exercise2.s
Comment: VICVectCntl0 used once
VICVectCntl1 FFFFF204

Symbol: VICVectCntl1
   Definitions
      At line 40 in file VICVPB.S
   Uses
      None
Comment: VICVectCntl1 unused
VICVectCntl10 FFFFF228

Symbol: VICVectCntl10
   Definitions
      At line 49 in file VICVPB.S
   Uses
      None
Comment: VICVectCntl10 unused
VICVectCntl11 FFFFF22C



ARM Macro Assembler    Page 36 Alphabetic symbol ordering
Absolute symbols


Symbol: VICVectCntl11
   Definitions
      At line 50 in file VICVPB.S
   Uses
      None
Comment: VICVectCntl11 unused
VICVectCntl12 FFFFF230

Symbol: VICVectCntl12
   Definitions
      At line 51 in file VICVPB.S
   Uses
      None
Comment: VICVectCntl12 unused
VICVectCntl13 FFFFF234

Symbol: VICVectCntl13
   Definitions
      At line 52 in file VICVPB.S
   Uses
      None
Comment: VICVectCntl13 unused
VICVectCntl14 FFFFF238

Symbol: VICVectCntl14
   Definitions
      At line 53 in file VICVPB.S
   Uses
      None
Comment: VICVectCntl14 unused
VICVectCntl15 FFFFF23C

Symbol: VICVectCntl15
   Definitions
      At line 54 in file VICVPB.S
   Uses
      None
Comment: VICVectCntl15 unused
VICVectCntl2 FFFFF208

Symbol: VICVectCntl2
   Definitions
      At line 41 in file VICVPB.S
   Uses
      None
Comment: VICVectCntl2 unused
VICVectCntl3 FFFFF20C

Symbol: VICVectCntl3
   Definitions
      At line 42 in file VICVPB.S
   Uses
      None
Comment: VICVectCntl3 unused
VICVectCntl4 FFFFF210

Symbol: VICVectCntl4
   Definitions



ARM Macro Assembler    Page 37 Alphabetic symbol ordering
Absolute symbols

      At line 43 in file VICVPB.S
   Uses
      None
Comment: VICVectCntl4 unused
VICVectCntl5 FFFFF214

Symbol: VICVectCntl5
   Definitions
      At line 44 in file VICVPB.S
   Uses
      None
Comment: VICVectCntl5 unused
VICVectCntl6 FFFFF218

Symbol: VICVectCntl6
   Definitions
      At line 45 in file VICVPB.S
   Uses
      None
Comment: VICVectCntl6 unused
VICVectCntl7 FFFFF21C

Symbol: VICVectCntl7
   Definitions
      At line 46 in file VICVPB.S
   Uses
      None
Comment: VICVectCntl7 unused
VICVectCntl8 FFFFF220

Symbol: VICVectCntl8
   Definitions
      At line 47 in file VICVPB.S
   Uses
      None
Comment: VICVectCntl8 unused
VICVectCntl9 FFFFF224

Symbol: VICVectCntl9
   Definitions
      At line 48 in file VICVPB.S
   Uses
      None
Comment: VICVectCntl9 unused
VPBDIV E01FC100

Symbol: VPBDIV
   Definitions
      At line 107 in file VICVPB.S
   Uses
      None
Comment: VPBDIV unused
WDFEED E0000008

Symbol: WDFEED
   Definitions
      At line 318 in file VICVPB.S
   Uses
      None



ARM Macro Assembler    Page 38 Alphabetic symbol ordering
Absolute symbols

Comment: WDFEED unused
WDMOD E0000000

Symbol: WDMOD
   Definitions
      At line 316 in file VICVPB.S
   Uses
      None
Comment: WDMOD unused
WDTC E0000004

Symbol: WDTC
   Definitions
      At line 317 in file VICVPB.S
   Uses
      None
Comment: WDTC unused
WDTV E000000C

Symbol: WDTV
   Definitions
      At line 319 in file VICVPB.S
   Uses
      None
Comment: WDTV unused
YEAR E002403C

Symbol: YEAR
   Definitions
      At line 269 in file VICVPB.S
   Uses
      None
Comment: YEAR unused
277 symbols
609 symbols in table
